25.2.2013 22:16:40 oracle.mds
NOTIFICATION: PManager instance is created without multitenancy support as JVM flag "oracle.multitenant.enabled" is not set to enable multitenancy support.
25.2.2013 22:16:41 oracle.fabric.common.wsdl.SchemaManager isIncrementalBuildSupported
INFO: XMLSchema incremental build enabled.
25.2.2013 22:16:41 com.collaxa.cube.CubeLogger info
INFO: validating "BPELProcessFault.bpel" ...
25.2.2013 22:16:41 oracle.integration.platform.blocks.FabricConfigManager <clinit>
WARNING: JRF is unable to determine the current application server platform.
25.2.2013 22:16:41 oracle.integration.platform.blocks.WLSPlatformConfigurationProvider <clinit>
WARNING: JRF is unable to determine the current application server platform.
node class name com.collaxa.cube.engine.ext.bpel.v1.blocks.BPELSequenceBlock
node class name com.collaxa.cube.engine.ext.bpel.v1.blocks.BPELSwitchBlock
node class name com.collaxa.cube.engine.ext.bpel.v1.blocks.BPELScopeBlock
node class name com.collaxa.cube.engine.ext.bpel.v1.blocks.BPELCatchFaultBlock
node class name com.collaxa.cube.engine.ext.bpel.v1.blocks.BPELCompensationHandlerBlock
25.2.2013 22:16:41 com.collaxa.cube.CubeLogger info
INFO: Composed "BPELProcessFault" in 47,9 milliseconds [nodes 20=0+20, 417,3 nodes/sec]
25.2.2013 22:16:43 com.collaxa.cube.CubeLogger info
INFO: Compiled "BPELProcessFault" in 1,608 seconds
25.2.2013 22:16:43 com.collaxa.cube.CubeLogger info
INFO: Gathered 3 files in 0,7 milliseconds

25.2.2013 22:16:43 com.collaxa.cube.CubeLogger info
INFO: Packaged "BPELProcessFault" in 73,7 milliseconds

25.2.2013 22:16:43 com.collaxa.cube.CubeLogger info
INFO: validating "BPELProcessParallel.bpel" ...
node class name com.collaxa.cube.engine.ext.bpel.v1.blocks.BPELFlowBlock
25.2.2013 22:16:43 com.collaxa.cube.CubeLogger info
INFO: Composed "BPELProcessParallel" in 11,5 milliseconds [nodes 12=0+12, 1.047,3 nodes/sec]
25.2.2013 22:16:44 com.collaxa.cube.CubeLogger info
INFO: Compiled "BPELProcessParallel" in 1,079 seconds
25.2.2013 22:16:44 com.collaxa.cube.CubeLogger info
INFO: Gathered 3 files in 0,7 milliseconds

25.2.2013 22:16:44 com.collaxa.cube.CubeLogger info
INFO: Packaged "BPELProcessParallel" in 32,7 milliseconds

